<?xml version="1.0" encoding="UTF-8"?>
<testng-results ignored="0" total="1" passed="1" failed="0" skipped="0">
  <reporter-output>
    <line>
      <![CDATA[Navigates to the bottom of the page]]>
    </line>
  </reporter-output>
  <suite started-at="2022-10-18T17:07:48 IST" name="Default suite" finished-at="2022-10-18T17:08:18 IST" duration-ms="29416">
    <groups>
    </groups>
    <test started-at="2022-10-18T17:07:48 IST" name="Default test" finished-at="2022-10-18T17:08:18 IST" duration-ms="29416">
      <class name="com.example.demo.Navigate_bottom">
        <test-method is-config="true" signature="config()[pri:0, instance:com.example.demo.Navigate_bottom@550dbc7a]" started-at="2022-10-18T17:07:48 IST" name="config" finished-at="2022-10-18T17:07:51 IST" duration-ms="2784" status="PASS">
          <reporter-output>
          </reporter-output>
        </test-method> <!-- config -->
        <test-method signature="test1()[pri:0, instance:com.example.demo.Navigate_bottom@550dbc7a]" started-at="2022-10-18T17:07:51 IST" name="test1" finished-at="2022-10-18T17:08:15 IST" duration-ms="24248" status="PASS">
          <reporter-output>
            <line>
              <![CDATA[Navigates to the bottom of the page]]>
            </line>
          </reporter-output>
        </test-method> <!-- test1 -->
        <test-method is-config="true" signature="quitbrowser()[pri:0, instance:com.example.demo.Navigate_bottom@550dbc7a]" started-at="2022-10-18T17:08:15 IST" name="quitbrowser" finished-at="2022-10-18T17:08:18 IST" duration-ms="2320" status="PASS">
          <reporter-output>
          </reporter-output>
        </test-method> <!-- quitbrowser -->
      </class> <!-- com.example.demo.Navigate_bottom -->
    </test> <!-- Default test -->
  </suite> <!-- Default suite -->
</testng-results>
