<?xml version="1.0" encoding="UTF-8"?>
<!-- Generated by org.testng.reporters.JUnitXMLReporter -->
<testsuite ignored="0" hostname="LAPTOP-1FO1BQSA" failures="0" tests="8" name="Test" time="466.794" errors="0" timestamp="2022-10-18T16:46:58 IST">
  <testcase classname="com.example.demo.ProductSearch" name="test1" time="48.929"/>
  <testcase classname="com.example.demo.PageLoad" name="test1" time="45.128"/>
  <testcase classname="com.example.demo.Imageload_Screenheight" name="test1" time="44.582"/>
  <testcase classname="com.example.demo.Navigate_Flipkart" name="test1" time="46.455"/>
  <testcase classname="com.example.demo.ContentRefresh" name="test1" time="53.234"/>
  <testcase classname="com.example.demo.Scroll_Feature" name="test1" time="95.787"/>
  <testcase classname="com.example.demo.Navigate_bottom" name="test1" time="36.588"/>
  <testcase classname="com.example.demo.Image_Load" name="test1" time="71.456"/>
</testsuite> <!-- Test -->
